<?xml version="1.0" encoding="UTF-8"?>
<!-- Generated by org.testng.reporters.JUnitReportReporter -->
<testsuite skipped="0" hostname="DESKTOP-8QG28U5" name="com.tyss.Demo1" tests="1" failures="0" timestamp="25 Apr 2019 11:27:17 GMT" time="15.142" errors="0">
  <testcase name="test1" time="15.142" classname="com.tyss.Demo1"/>
</testsuite> <!-- com.tyss.Demo1 -->
