<?xml version="1.0" encoding="UTF-8"?>
<!-- Generated by org.testng.reporters.JUnitReportReporter -->
<testsuite skipped="0" hostname="DESKTOP-8QG28U5" name="com.tyss.Demo1" tests="1" failures="0" timestamp="26 Apr 2019 05:37:01 GMT" time="18.486" errors="0">
  <testcase name="test1" time="18.486" classname="com.tyss.Demo1"/>
</testsuite> <!-- com.tyss.Demo1 -->
