<?xml version="1.0" encoding="UTF-8"?>
<!-- Generated by org.testng.reporters.JUnitReportReporter -->
<testsuite skipped="0" hostname="DESKTOP-8QG28U5" name="com.tyss.GoogleSug" tests="1" failures="0" timestamp="26 Apr 2019 05:35:52 GMT" time="20.022" errors="0">
  <testcase name="Test2" time="20.022" classname="com.tyss.GoogleSug"/>
</testsuite> <!-- com.tyss.GoogleSug -->
