<?xml version="1.0" encoding="UTF-8"?>
<!-- Generated by org.testng.reporters.JUnitReportReporter -->
<testsuite skipped="0" hostname="DESKTOP-8QG28U5" name="com.tyss.GoogleSug" tests="1" failures="0" timestamp="25 Apr 2019 11:31:36 GMT" time="36.160" errors="0">
  <testcase name="Test2" time="36.160" classname="com.tyss.GoogleSug"/>
</testsuite> <!-- com.tyss.GoogleSug -->
